0 info it worked if it ends with ok
1 verbose cli [ 'node', '/usr/local/bin/npm', 'install', 'q-io', '--save' ]
2 info using npm@1.4.28
3 info using node@v0.10.33
4 warn package.json moniker@0.1.2 No repository field.
5 verbose readDependencies using package.json deps
6 verbose cache add [ 'q-io', null ]
7 verbose cache add name=undefined spec="q-io" args=["q-io",null]
8 verbose parsed url { protocol: null,
8 verbose parsed url   slashes: null,
8 verbose parsed url   auth: null,
8 verbose parsed url   host: null,
8 verbose parsed url   port: null,
8 verbose parsed url   hostname: null,
8 verbose parsed url   hash: null,
8 verbose parsed url   search: null,
8 verbose parsed url   query: null,
8 verbose parsed url   pathname: 'q-io',
8 verbose parsed url   path: 'q-io',
8 verbose parsed url   href: 'q-io' }
9 silly lockFile 7fc0e979-q-io q-io
10 verbose lock q-io /Users/joelau/.npm/7fc0e979-q-io.lock
11 silly lockFile 7fc0e979-q-io q-io
12 silly lockFile 7fc0e979-q-io q-io
13 verbose addNamed [ 'q-io', '' ]
14 verbose addNamed [ null, '*' ]
15 silly lockFile ae275063-q-io q-io@
16 verbose lock q-io@ /Users/joelau/.npm/ae275063-q-io.lock
17 silly addNameRange { name: 'q-io', range: '*', hasData: false }
18 verbose request where is /q-io
19 verbose request registry https://registry.npmjs.org/
20 verbose request id 4efebe9ed7815aac
21 verbose url raw /q-io
22 verbose url resolving [ 'https://registry.npmjs.org/', './q-io' ]
23 verbose url resolved https://registry.npmjs.org/q-io
24 verbose request where is https://registry.npmjs.org/q-io
25 info trying registry request attempt 1 at 13:44:04
26 verbose etag "8G7YCGS4ARHUHOJ7AMLOC9169"
27 http GET https://registry.npmjs.org/q-io
28 http 200 https://registry.npmjs.org/q-io
29 silly registry.get cb [ 200,
29 silly registry.get   { server: 'CouchDB/1.5.0 (Erlang OTP/R16B03)',
29 silly registry.get     etag: '"2RTW1SSU0Y5ECKCKSPNFS0LC9"',
29 silly registry.get     'content-type': 'application/json',
29 silly registry.get     'cache-control': 'max-age=60',
29 silly registry.get     'content-length': '116012',
29 silly registry.get     'accept-ranges': 'bytes',
29 silly registry.get     date: 'Wed, 20 May 2015 12:44:05 GMT',
29 silly registry.get     via: '1.1 varnish',
29 silly registry.get     age: '0',
29 silly registry.get     connection: 'keep-alive',
29 silly registry.get     'x-served-by': 'cache-jfk1023-JFK',
29 silly registry.get     'x-cache': 'HIT',
29 silly registry.get     'x-cache-hits': '1',
29 silly registry.get     'x-timer': 'S1432125845.571125,VS0,VE91',
29 silly registry.get     vary: 'Accept' } ]
30 silly addNameRange number 2 { name: 'q-io', range: '*', hasData: true }
31 silly addNameRange versions [ 'q-io',
31 silly addNameRange   [ '0.0.0',
31 silly addNameRange     '0.0.1',
31 silly addNameRange     '0.0.2',
31 silly addNameRange     '0.0.3',
31 silly addNameRange     '0.0.4',
31 silly addNameRange     '0.0.5',
31 silly addNameRange     '0.0.6',
31 silly addNameRange     '0.0.8',
31 silly addNameRange     '0.0.9',
31 silly addNameRange     '0.0.10',
31 silly addNameRange     '0.0.11',
31 silly addNameRange     '0.0.12',
31 silly addNameRange     '0.0.13',
31 silly addNameRange     '0.0.14',
31 silly addNameRange     '0.0.15',
31 silly addNameRange     '0.0.16',
31 silly addNameRange     '0.0.17',
31 silly addNameRange     '0.0.18',
31 silly addNameRange     '1.0.0',
31 silly addNameRange     '1.1.0',
31 silly addNameRange     '1.1.1',
31 silly addNameRange     '1.2.0',
31 silly addNameRange     '1.3.0',
31 silly addNameRange     '1.3.1',
31 silly addNameRange     '1.3.2',
31 silly addNameRange     '1.4.0',
31 silly addNameRange     '1.4.1',
31 silly addNameRange     '1.5.0',
31 silly addNameRange     '1.5.1',
31 silly addNameRange     '1.5.2',
31 silly addNameRange     '1.5.3',
31 silly addNameRange     '1.5.4',
31 silly addNameRange     '1.6.0',
31 silly addNameRange     '1.6.1',
31 silly addNameRange     '1.6.2',
31 silly addNameRange     '1.6.3',
31 silly addNameRange     '1.6.4',
31 silly addNameRange     '1.6.5',
31 silly addNameRange     '1.6.6',
31 silly addNameRange     '1.7.0',
31 silly addNameRange     '1.7.1',
31 silly addNameRange     '1.7.2',
31 silly addNameRange     '1.7.3',
31 silly addNameRange     '1.8.0',
31 silly addNameRange     '1.9.0',
31 silly addNameRange     '1.9.1',
31 silly addNameRange     '1.9.2',
31 silly addNameRange     '1.9.3',
31 silly addNameRange     '1.9.4',
31 silly addNameRange     '1.10.0',
31 silly addNameRange     '1.10.1',
31 silly addNameRange     '1.10.2',
31 silly addNameRange     '1.10.3',
31 silly addNameRange     '1.10.4',
31 silly addNameRange     '1.10.5',
31 silly addNameRange     '1.10.6',
31 silly addNameRange     '1.10.8',
31 silly addNameRange     '1.10.9',
31 silly addNameRange     '1.11.0',
31 silly addNameRange     '2.0.0',
31 silly addNameRange     '2.0.1',
31 silly addNameRange     '2.0.2',
31 silly addNameRange     '1.11.1',
31 silly addNameRange     '2.0.3',
31 silly addNameRange     '2.0.4',
31 silly addNameRange     '2.0.5',
31 silly addNameRange     '2.0.6',
31 silly addNameRange     '1.11.2',
31 silly addNameRange     '1.11.3',
31 silly addNameRange     '1.11.4',
31 silly addNameRange     '1.11.5',
31 silly addNameRange     '1.11.6',
31 silly addNameRange     '1.12.0' ] ]
32 verbose addNamed [ 'q-io', '1.12.0' ]
33 verbose addNamed [ '1.12.0', '1.12.0' ]
34 silly lockFile b6d40183-q-io-1-12-0 q-io@1.12.0
35 verbose lock q-io@1.12.0 /Users/joelau/.npm/b6d40183-q-io-1-12-0.lock
36 silly lockFile ccff4ad2-y-npmjs-org-q-io-q-io-1-12-0-tgz https://registry.npmjs.org/q-io/-/q-io-1.12.0.tgz
37 verbose lock https://registry.npmjs.org/q-io/-/q-io-1.12.0.tgz /Users/joelau/.npm/ccff4ad2-y-npmjs-org-q-io-q-io-1-12-0-tgz.lock
38 verbose addRemoteTarball [ 'https://registry.npmjs.org/q-io/-/q-io-1.12.0.tgz',
38 verbose addRemoteTarball   'e6b2a91fba0e3354cf114f215a506928893c3530' ]
39 info retry fetch attempt 1 at 13:44:06
40 verbose fetch to= /var/folders/yz/fvn778ws3m9gn8d8rk4p56dh0000gn/T/npm-10918-JIH9GUBa/registry.npmjs.org/q-io/-/q-io-1.12.0.tgz
41 http GET https://registry.npmjs.org/q-io/-/q-io-1.12.0.tgz
42 http 200 https://registry.npmjs.org/q-io/-/q-io-1.12.0.tgz
43 silly lockFile ccff4ad2-y-npmjs-org-q-io-q-io-1-12-0-tgz https://registry.npmjs.org/q-io/-/q-io-1.12.0.tgz
44 silly lockFile ccff4ad2-y-npmjs-org-q-io-q-io-1-12-0-tgz https://registry.npmjs.org/q-io/-/q-io-1.12.0.tgz
45 silly lockFile b6d40183-q-io-1-12-0 q-io@1.12.0
46 silly lockFile b6d40183-q-io-1-12-0 q-io@1.12.0
47 silly lockFile ae275063-q-io q-io@
48 silly lockFile ae275063-q-io q-io@
49 error Error: EACCES, mkdir '/Users/joelau/.npm/q-io/1.12.0'
49 error  { [Error: EACCES, mkdir '/Users/joelau/.npm/q-io/1.12.0']
49 error   errno: 3,
49 error   code: 'EACCES',
49 error   path: '/Users/joelau/.npm/q-io/1.12.0',
49 error   parent: 'pub-logo-gen' }
50 error Please try running this command again as root/Administrator.
51 error System Darwin 14.1.0
52 error command "node" "/usr/local/bin/npm" "install" "q-io" "--save"
53 error cwd /Users/joelau/Dropbox/nodeJS/pub-logo-gen
54 error node -v v0.10.33
55 error npm -v 1.4.28
56 error path /Users/joelau/.npm/q-io/1.12.0
57 error code EACCES
58 error errno 3
59 error stack Error: EACCES, mkdir '/Users/joelau/.npm/q-io/1.12.0'
60 verbose exit [ 3, true ]
