0 info it worked if it ends with ok
1 verbose cli [ 'node', '/usr/local/bin/npm', 'install', '-g', 'javascripting' ]
2 info using npm@1.4.28
3 info using node@v0.10.33
4 verbose cache add [ 'javascripting', null ]
5 verbose cache add name=undefined spec="javascripting" args=["javascripting",null]
6 verbose parsed url { protocol: null,
6 verbose parsed url   slashes: null,
6 verbose parsed url   auth: null,
6 verbose parsed url   host: null,
6 verbose parsed url   port: null,
6 verbose parsed url   hostname: null,
6 verbose parsed url   hash: null,
6 verbose parsed url   search: null,
6 verbose parsed url   query: null,
6 verbose parsed url   pathname: 'javascripting',
6 verbose parsed url   path: 'javascripting',
6 verbose parsed url   href: 'javascripting' }
7 silly lockFile ae6d31f2-javascripting javascripting
8 verbose lock javascripting /Users/joelau/.npm/ae6d31f2-javascripting.lock
9 silly lockFile ae6d31f2-javascripting javascripting
10 silly lockFile ae6d31f2-javascripting javascripting
11 verbose addNamed [ 'javascripting', '' ]
12 verbose addNamed [ null, '*' ]
13 silly lockFile 9ef866d8-javascripting javascripting@
14 verbose lock javascripting@ /Users/joelau/.npm/9ef866d8-javascripting.lock
15 silly addNameRange { name: 'javascripting', range: '*', hasData: false }
16 verbose request where is /javascripting
17 verbose request registry https://registry.npmjs.org/
18 verbose request id 209f1815d33cd8e4
19 verbose url raw /javascripting
20 verbose url resolving [ 'https://registry.npmjs.org/', './javascripting' ]
21 verbose url resolved https://registry.npmjs.org/javascripting
22 verbose request where is https://registry.npmjs.org/javascripting
23 info trying registry request attempt 1 at 21:11:16
24 http GET https://registry.npmjs.org/javascripting
25 http 200 https://registry.npmjs.org/javascripting
26 silly registry.get cb [ 200,
26 silly registry.get   { date: 'Mon, 01 Dec 2014 05:11:16 GMT',
26 silly registry.get     server: 'CouchDB/1.5.0 (Erlang OTP/R16B03)',
26 silly registry.get     etag: '"ANRBY4XZT6PX58OSJFJAXGHKZ"',
26 silly registry.get     'content-type': 'application/json',
26 silly registry.get     'cache-control': 'max-age=60',
26 silly registry.get     'content-length': '14530',
26 silly registry.get     'accept-ranges': 'bytes',
26 silly registry.get     via: '1.1 varnish',
26 silly registry.get     age: '0',
26 silly registry.get     'x-served-by': 'cache-lax1430-LAX',
26 silly registry.get     'x-cache': 'HIT',
26 silly registry.get     'x-cache-hits': '1',
26 silly registry.get     'x-timer': 'S1417410676.392849,VS0,VE311',
26 silly registry.get     vary: 'Accept',
26 silly registry.get     'keep-alive': 'timeout=10, max=50',
26 silly registry.get     connection: 'Keep-Alive' } ]
27 silly addNameRange number 2 { name: 'javascripting', range: '*', hasData: true }
28 silly addNameRange versions [ 'javascripting',
28 silly addNameRange   [ '1.0.0',
28 silly addNameRange     '1.0.1',
28 silly addNameRange     '1.1.0',
28 silly addNameRange     '1.1.1',
28 silly addNameRange     '1.1.2',
28 silly addNameRange     '1.1.3',
28 silly addNameRange     '1.2.0',
28 silly addNameRange     '1.3.0',
28 silly addNameRange     '1.4.0',
28 silly addNameRange     '1.5.0',
28 silly addNameRange     '1.6.0',
28 silly addNameRange     '1.7.0' ] ]
29 verbose addNamed [ 'javascripting', '1.7.0' ]
30 verbose addNamed [ '1.7.0', '1.7.0' ]
31 silly lockFile a75d1cd8-javascripting-1-7-0 javascripting@1.7.0
32 verbose lock javascripting@1.7.0 /Users/joelau/.npm/a75d1cd8-javascripting-1-7-0.lock
33 silly lockFile 11729bcd-cripting-javascripting-1-7-0-tgz https://registry.npmjs.org/javascripting/-/javascripting-1.7.0.tgz
34 verbose lock https://registry.npmjs.org/javascripting/-/javascripting-1.7.0.tgz /Users/joelau/.npm/11729bcd-cripting-javascripting-1-7-0-tgz.lock
35 verbose addRemoteTarball [ 'https://registry.npmjs.org/javascripting/-/javascripting-1.7.0.tgz',
35 verbose addRemoteTarball   '5e7616e88ee8343fd6063b0cb113700b327d6fc2' ]
36 info retry fetch attempt 1 at 21:11:17
37 verbose fetch to= /var/folders/yz/fvn778ws3m9gn8d8rk4p56dh0000gn/T/npm-54890-v6gAh1gG/registry.npmjs.org/javascripting/-/javascripting-1.7.0.tgz
38 http GET https://registry.npmjs.org/javascripting/-/javascripting-1.7.0.tgz
39 http 200 https://registry.npmjs.org/javascripting/-/javascripting-1.7.0.tgz
40 silly lockFile 11729bcd-cripting-javascripting-1-7-0-tgz https://registry.npmjs.org/javascripting/-/javascripting-1.7.0.tgz
41 silly lockFile 11729bcd-cripting-javascripting-1-7-0-tgz https://registry.npmjs.org/javascripting/-/javascripting-1.7.0.tgz
42 silly lockFile a75d1cd8-javascripting-1-7-0 javascripting@1.7.0
43 silly lockFile a75d1cd8-javascripting-1-7-0 javascripting@1.7.0
44 silly lockFile 9ef866d8-javascripting javascripting@
45 silly lockFile 9ef866d8-javascripting javascripting@
46 silly resolved [ { name: 'javascripting',
46 silly resolved     description: 'Learn JavaScript by adventuring around in the terminal.',
46 silly resolved     version: '1.7.0',
46 silly resolved     repository: { url: 'git://github.com/sethvincent/javascripting.git' },
46 silly resolved     author: { name: 'sethvincent' },
46 silly resolved     bin: { javascripting: 'index.js' },
46 silly resolved     preferGlobal: true,
46 silly resolved     dependencies: { adventure: '^2.8.0', 'cli-md': '^0.1.0' },
46 silly resolved     gitHead: 'c9a77afc25457338fc962d985b54089d57f96fec',
46 silly resolved     bugs: { url: 'https://github.com/sethvincent/javascripting/issues' },
46 silly resolved     homepage: 'https://github.com/sethvincent/javascripting',
46 silly resolved     _id: 'javascripting@1.7.0',
46 silly resolved     scripts: {},
46 silly resolved     _shasum: '5e7616e88ee8343fd6063b0cb113700b327d6fc2',
46 silly resolved     _from: 'javascripting@',
46 silly resolved     _npmVersion: '2.0.2',
46 silly resolved     _nodeVersion: '0.10.31',
46 silly resolved     _npmUser: { name: 'sethvincent', email: 'sethvincent@gmail.com' },
46 silly resolved     maintainers: [ [Object] ],
46 silly resolved     dist:
46 silly resolved      { shasum: '5e7616e88ee8343fd6063b0cb113700b327d6fc2',
46 silly resolved        tarball: 'http://registry.npmjs.org/javascripting/-/javascripting-1.7.0.tgz' },
46 silly resolved     directories: {},
46 silly resolved     _resolved: 'https://registry.npmjs.org/javascripting/-/javascripting-1.7.0.tgz' } ]
47 info install javascripting@1.7.0 into /usr/local/lib
48 info installOne javascripting@1.7.0
49 verbose lib/node_modules/javascripting unbuild
50 verbose tar unpack /Users/joelau/.npm/javascripting/1.7.0/package.tgz
51 silly lockFile 79ce8374-l-lib-node-modules-javascripting tar:///usr/local/lib/node_modules/javascripting
52 verbose lock tar:///usr/local/lib/node_modules/javascripting /Users/joelau/.npm/79ce8374-l-lib-node-modules-javascripting.lock
53 silly lockFile f3b37419--javascripting-1-7-0-package-tgz tar:///Users/joelau/.npm/javascripting/1.7.0/package.tgz
54 verbose lock tar:///Users/joelau/.npm/javascripting/1.7.0/package.tgz /Users/joelau/.npm/f3b37419--javascripting-1-7-0-package-tgz.lock
55 silly gunzTarPerm modes [ '755', '644' ]
56 error Error: EACCES, mkdir '/usr/local/lib/node_modules/javascripting'
56 error  { [Error: EACCES, mkdir '/usr/local/lib/node_modules/javascripting']
56 error   errno: 3,
56 error   code: 'EACCES',
56 error   path: '/usr/local/lib/node_modules/javascripting',
56 error   fstream_type: 'Directory',
56 error   fstream_path: '/usr/local/lib/node_modules/javascripting',
56 error   fstream_class: 'DirWriter',
56 error   fstream_stack:
56 error    [ '/usr/local/lib/node_modules/npm/node_modules/fstream/lib/dir-writer.js:36:23',
56 error      '/usr/local/lib/node_modules/npm/node_modules/mkdirp/index.js:46:53',
56 error      'Object.oncomplete (fs.js:107:15)' ] }
57 error Please try running this command again as root/Administrator.
58 error System Darwin 13.4.0
59 error command "node" "/usr/local/bin/npm" "install" "-g" "javascripting"
60 error cwd /Users/joelau/Dropbox/nodeJS
61 error node -v v0.10.33
62 error npm -v 1.4.28
63 error path /usr/local/lib/node_modules/javascripting
64 error fstream_path /usr/local/lib/node_modules/javascripting
65 error fstream_type Directory
66 error fstream_class DirWriter
67 error code EACCES
68 error errno 3
69 error stack Error: EACCES, mkdir '/usr/local/lib/node_modules/javascripting'
70 error fstream_stack /usr/local/lib/node_modules/npm/node_modules/fstream/lib/dir-writer.js:36:23
70 error fstream_stack /usr/local/lib/node_modules/npm/node_modules/mkdirp/index.js:46:53
70 error fstream_stack Object.oncomplete (fs.js:107:15)
71 verbose exit [ 3, true ]
