0 info it worked if it ends with ok
1 verbose cli [ 'node', '/usr/local/bin/npm', 'install', 'q-io' ]
2 info using npm@1.4.28
3 info using node@v0.10.33
4 verbose cache add [ 'q-io', null ]
5 verbose cache add name=undefined spec="q-io" args=["q-io",null]
6 verbose parsed url { protocol: null,
6 verbose parsed url   slashes: null,
6 verbose parsed url   auth: null,
6 verbose parsed url   host: null,
6 verbose parsed url   port: null,
6 verbose parsed url   hostname: null,
6 verbose parsed url   hash: null,
6 verbose parsed url   search: null,
6 verbose parsed url   query: null,
6 verbose parsed url   pathname: 'q-io',
6 verbose parsed url   path: 'q-io',
6 verbose parsed url   href: 'q-io' }
7 silly lockFile 7fc0e979-q-io q-io
8 verbose lock q-io /Users/joelau/.npm/7fc0e979-q-io.lock
9 silly lockFile 7fc0e979-q-io q-io
10 silly lockFile 7fc0e979-q-io q-io
11 verbose addNamed [ 'q-io', '' ]
12 verbose addNamed [ null, '*' ]
13 silly lockFile ae275063-q-io q-io@
14 verbose lock q-io@ /Users/joelau/.npm/ae275063-q-io.lock
15 silly addNameRange { name: 'q-io', range: '*', hasData: false }
16 verbose request where is /q-io
17 verbose request registry https://registry.npmjs.org/
18 verbose request id dad703d798d01d82
19 verbose url raw /q-io
20 verbose url resolving [ 'https://registry.npmjs.org/', './q-io' ]
21 verbose url resolved https://registry.npmjs.org/q-io
22 verbose request where is https://registry.npmjs.org/q-io
23 info trying registry request attempt 1 at 01:49:07
24 verbose etag "5NFFPTVTTQQEUKSZBXTATIOTU"
25 http GET https://registry.npmjs.org/q-io
26 http 200 https://registry.npmjs.org/q-io
27 silly registry.get cb [ 200,
27 silly registry.get   { date: 'Fri, 23 Jan 2015 09:49:08 GMT',
27 silly registry.get     server: 'CouchDB/1.5.0 (Erlang OTP/R16B03)',
27 silly registry.get     etag: '"8G7YCGS4ARHUHOJ7AMLOC9169"',
27 silly registry.get     'content-type': 'application/json',
27 silly registry.get     'cache-control': 'max-age=60',
27 silly registry.get     'content-length': '117978',
27 silly registry.get     'accept-ranges': 'bytes',
27 silly registry.get     via: '1.1 varnish',
27 silly registry.get     age: '0',
27 silly registry.get     'x-served-by': 'cache-lax1431-LAX',
27 silly registry.get     'x-cache': 'HIT',
27 silly registry.get     'x-cache-hits': '1',
27 silly registry.get     'x-timer': 'S1422006548.121069,VS0,VE301',
27 silly registry.get     vary: 'Accept',
27 silly registry.get     'keep-alive': 'timeout=10, max=50',
27 silly registry.get     connection: 'Keep-Alive' } ]
28 silly addNameRange number 2 { name: 'q-io', range: '*', hasData: true }
29 silly addNameRange versions [ 'q-io',
29 silly addNameRange   [ '0.0.0',
29 silly addNameRange     '0.0.1',
29 silly addNameRange     '0.0.2',
29 silly addNameRange     '0.0.3',
29 silly addNameRange     '0.0.4',
29 silly addNameRange     '0.0.5',
29 silly addNameRange     '0.0.6',
29 silly addNameRange     '0.0.8',
29 silly addNameRange     '0.0.9',
29 silly addNameRange     '0.0.10',
29 silly addNameRange     '0.0.11',
29 silly addNameRange     '0.0.12',
29 silly addNameRange     '0.0.13',
29 silly addNameRange     '0.0.14',
29 silly addNameRange     '0.0.15',
29 silly addNameRange     '0.0.16',
29 silly addNameRange     '0.0.17',
29 silly addNameRange     '0.0.18',
29 silly addNameRange     '1.0.0',
29 silly addNameRange     '1.1.0',
29 silly addNameRange     '1.1.1',
29 silly addNameRange     '1.2.0',
29 silly addNameRange     '1.3.0',
29 silly addNameRange     '1.3.1',
29 silly addNameRange     '1.3.2',
29 silly addNameRange     '1.4.0',
29 silly addNameRange     '1.4.1',
29 silly addNameRange     '1.5.0',
29 silly addNameRange     '1.5.1',
29 silly addNameRange     '1.5.2',
29 silly addNameRange     '1.5.3',
29 silly addNameRange     '1.5.4',
29 silly addNameRange     '1.6.0',
29 silly addNameRange     '1.6.1',
29 silly addNameRange     '1.6.2',
29 silly addNameRange     '1.6.3',
29 silly addNameRange     '1.6.4',
29 silly addNameRange     '1.6.5',
29 silly addNameRange     '1.6.6',
29 silly addNameRange     '1.7.0',
29 silly addNameRange     '1.7.1',
29 silly addNameRange     '1.7.2',
29 silly addNameRange     '1.7.3',
29 silly addNameRange     '1.8.0',
29 silly addNameRange     '1.9.0',
29 silly addNameRange     '1.9.1',
29 silly addNameRange     '1.9.2',
29 silly addNameRange     '1.9.3',
29 silly addNameRange     '1.9.4',
29 silly addNameRange     '1.10.0',
29 silly addNameRange     '1.10.1',
29 silly addNameRange     '1.10.2',
29 silly addNameRange     '1.10.3',
29 silly addNameRange     '1.10.4',
29 silly addNameRange     '1.10.5',
29 silly addNameRange     '1.10.6',
29 silly addNameRange     '1.10.8',
29 silly addNameRange     '1.10.9',
29 silly addNameRange     '1.11.0',
29 silly addNameRange     '2.0.0',
29 silly addNameRange     '2.0.1',
29 silly addNameRange     '2.0.2',
29 silly addNameRange     '1.11.1',
29 silly addNameRange     '2.0.3',
29 silly addNameRange     '2.0.4',
29 silly addNameRange     '2.0.5',
29 silly addNameRange     '2.0.6',
29 silly addNameRange     '1.11.2',
29 silly addNameRange     '1.11.3',
29 silly addNameRange     '1.11.4',
29 silly addNameRange     '1.11.5',
29 silly addNameRange     '1.11.6' ] ]
30 verbose addNamed [ 'q-io', '1.11.6' ]
31 verbose addNamed [ '1.11.6', '1.11.6' ]
32 silly lockFile b3a74027-q-io-1-11-6 q-io@1.11.6
33 verbose lock q-io@1.11.6 /Users/joelau/.npm/b3a74027-q-io-1-11-6.lock
34 silly lockFile 5ef1457a-y-npmjs-org-q-io-q-io-1-11-6-tgz https://registry.npmjs.org/q-io/-/q-io-1.11.6.tgz
35 verbose lock https://registry.npmjs.org/q-io/-/q-io-1.11.6.tgz /Users/joelau/.npm/5ef1457a-y-npmjs-org-q-io-q-io-1-11-6-tgz.lock
36 verbose addRemoteTarball [ 'https://registry.npmjs.org/q-io/-/q-io-1.11.6.tgz',
36 verbose addRemoteTarball   'a6850976e1e8f7c5bd0fa3e5835f5eb9d94fa173' ]
37 info retry fetch attempt 1 at 01:49:08
38 verbose fetch to= /var/folders/yz/fvn778ws3m9gn8d8rk4p56dh0000gn/T/npm-38698-P1uEuzqY/registry.npmjs.org/q-io/-/q-io-1.11.6.tgz
39 http GET https://registry.npmjs.org/q-io/-/q-io-1.11.6.tgz
40 http 200 https://registry.npmjs.org/q-io/-/q-io-1.11.6.tgz
41 silly lockFile 5ef1457a-y-npmjs-org-q-io-q-io-1-11-6-tgz https://registry.npmjs.org/q-io/-/q-io-1.11.6.tgz
42 silly lockFile 5ef1457a-y-npmjs-org-q-io-q-io-1-11-6-tgz https://registry.npmjs.org/q-io/-/q-io-1.11.6.tgz
43 silly lockFile b3a74027-q-io-1-11-6 q-io@1.11.6
44 silly lockFile b3a74027-q-io-1-11-6 q-io@1.11.6
45 silly lockFile ae275063-q-io q-io@
46 silly lockFile ae275063-q-io q-io@
47 error Error: EACCES, mkdir '/Users/joelau/.npm/q-io/1.11.6'
47 error  { [Error: EACCES, mkdir '/Users/joelau/.npm/q-io/1.11.6']
47 error   errno: 3,
47 error   code: 'EACCES',
47 error   path: '/Users/joelau/.npm/q-io/1.11.6' }
48 error Please try running this command again as root/Administrator.
49 error System Darwin 13.4.0
50 error command "node" "/usr/local/bin/npm" "install" "q-io"
51 error cwd /Users/joelau/Dropbox/nodeJS/promiseItWontHurt
52 error node -v v0.10.33
53 error npm -v 1.4.28
54 error path /Users/joelau/.npm/q-io/1.11.6
55 error code EACCES
56 error errno 3
57 error stack Error: EACCES, mkdir '/Users/joelau/.npm/q-io/1.11.6'
58 verbose exit [ 3, true ]
